<?xml version="1.0" encoding="UTF-8"?>
<testsuite name="Regression Test"
           tests="2"
           failures="0"
           errors="0"
           skipped="0"
           time="14.856">
  <properties />
  
  
            <testcase name="verifyProductsPriceDisplayHighToLowSuccessfully" time="2.031" classname="com.tutorialsninja.demo.testsuite.laptopsAndNotebooksPageTest" />
                <testcase name="verifyThatUserPlaceOrderSuccessfully" time="12.825" classname="com.tutorialsninja.demo.testsuite.laptopsAndNotebooksPageTest" />
      
</testsuite>
